<?xml version="1.0" encoding="UTF-8"?>
<testsuite xmlns:xsi="http://www.w3.org/2001/XMLSchema-instance" xsi:noNamespaceSchemaLocation="https://maven.apache.org/surefire/maven-surefire-plugin/xsd/surefire-test-report.xsd" name="GirokontoTest" time="0.036" tests="6" errors="0" skipped="0" failures="0">
  <properties>
[...]
</properties>
  <testcase name="waehrungsWechselTest" classname="GirokontoTest" time="0.02"/>
  <testcase name="ueberweisungAbsendenTest" classname="GirokontoTest" time="0.008"/>
  <testcase name="ueberweisungEmpfangenTest" classname="GirokontoTest" time="0.001"/>
  <testcase name="getDispoTest" classname="GirokontoTest" time="0.001"/>
  <testcase name="abhebenTest" classname="GirokontoTest" time="0.001"/>
  <testcase name="setDispoTest" classname="GirokontoTest" time="0.001"/>
</testsuite>